<?xml version="1.0" encoding="UTF-8"?>
<!-- Generated by org.testng.reporters.JUnitXMLReporter -->
<testsuite hostname="Admin-PC" ignored="0" name="Test" tests="4" failures="0" timestamp="2022-04-15T16:00:39 IST" time="9.928" errors="0">
  <testcase name="@BeforeClass openbrowser" time="9.543" classname="tests.Testcase001">
    <failure type="org.openqa.selenium.WebDriverException" message="unknown error: net::ERR_INTERNET_DISCONNECTED
  (Session info: chrome=100.0.4896.88)
Build info: version: &amp;apos;4.1.2&amp;apos;, revision: &amp;apos;9a5a329c5a&amp;apos;
System info: host: &amp;apos;ADMIN-PC&amp;apos;, ip: &amp;apos;127.0.0.1&amp;apos;, os.name: &amp;apos;Windows 7&amp;apos;, os.arch: &amp;apos;amd64&amp;apos;, os.version: &amp;apos;6.1&amp;apos;, java.version: &amp;apos;1.8.0_202&amp;apos;
Driver info: org.openqa.selenium.chrome.ChromeDriver
Command: [c5c965afe64b71599a78d788b7842529, get {url=https://kite.zerodha.com/}]
Capabilities {acceptInsecureCerts: false, browserName: chrome, browserVersion: 100.0.4896.88, chrome: {chromedriverVersion: 100.0.4896.60 (6a5d10861ce8..., userDataDir: C:\Users\Admin\AppData\Loca...}, goog:chromeOptions: {debuggerAddress: localhost:49461}, javascriptEnabled: true, networkConnectionEnabled: false, pageLoadStrategy: normal, platform: WINDOWS, platformName: WINDOWS, proxy: Proxy(), se:cdp: ws://localhost:49461/devtoo..., se:cdpVersion: 100.0.4896.88, setWindowRect: true, strictFileInteractability: false, timeouts: {implicit: 0, pageLoad: 300000, script: 30000}, unhandledPromptBehavior: dismiss and notify, webauthn:extension:credBlob: true, webauthn:extension:largeBlob: true, webauthn:virtualAuthenticators: true}
Session ID: c5c965afe64b71599a78d788b7842529">
      <![CDATA[org.openqa.selenium.WebDriverException: unknown error: net::ERR_INTERNET_DISCONNECTED
  (Session info: chrome=100.0.4896.88)
Build info: version: '4.1.2', revision: '9a5a329c5a'
System info: host: 'ADMIN-PC', ip: '127.0.0.1', os.name: 'Windows 7', os.arch: 'amd64', os.version: '6.1', java.version: '1.8.0_202'
Driver info: org.openqa.selenium.chrome.ChromeDriver
Command: [c5c965afe64b71599a78d788b7842529, get {url=https://kite.zerodha.com/}]
Capabilities {acceptInsecureCerts: false, browserName: chrome, browserVersion: 100.0.4896.88, chrome: {chromedriverVersion: 100.0.4896.60 (6a5d10861ce8..., userDataDir: C:\Users\Admin\AppData\Loca...}, goog:chromeOptions: {debuggerAddress: localhost:49461}, javascriptEnabled: true, networkConnectionEnabled: false, pageLoadStrategy: normal, platform: WINDOWS, platformName: WINDOWS, proxy: Proxy(), se:cdp: ws://localhost:49461/devtoo..., se:cdpVersion: 100.0.4896.88, setWindowRect: true, strictFileInteractability: false, timeouts: {implicit: 0, pageLoad: 300000, script: 30000}, unhandledPromptBehavior: dismiss and notify, webauthn:extension:credBlob: true, webauthn:extension:largeBlob: true, webauthn:virtualAuthenticators: true}
Session ID: c5c965afe64b71599a78d788b7842529
at org.openqa.selenium.remote.codec.w3c.W3CHttpResponseCodec.createException(W3CHttpResponseCodec.java:200)
at org.openqa.selenium.remote.codec.w3c.W3CHttpResponseCodec.decode(W3CHttpResponseCodec.java:133)
at org.openqa.selenium.remote.codec.w3c.W3CHttpResponseCodec.decode(W3CHttpResponseCodec.java:53)
at org.openqa.selenium.remote.HttpCommandExecutor.execute(HttpCommandExecutor.java:184)
at org.openqa.selenium.remote.service.DriverCommandExecutor.invokeExecute(DriverCommandExecutor.java:167)
at org.openqa.selenium.remote.service.DriverCommandExecutor.execute(DriverCommandExecutor.java:142)
at org.openqa.selenium.remote.RemoteWebDriver.execute(RemoteWebDriver.java:558)
at org.openqa.selenium.remote.RemoteWebDriver.get(RemoteWebDriver.java:327)
at tests.Testcase001.openbrowser(Testcase001.java:33)
at java.util.ArrayList.forEach(Unknown Source)
... Removed 29 stack frames]]>
    </failure>
  </testcase> <!-- @BeforeClass openbrowser -->
  <testcase name="@BeforeMethod logintoapp" time="-1.65001863872E9" classname="tests.Testcase001">
    <skipped/>
  </testcase> <!-- @BeforeMethod logintoapp -->
  <testcase name="@AfterMethod captureScrenshot" time="-1.650018638729E9" classname="tests.Testcase001">
    <skipped/>
  </testcase> <!-- @AfterMethod captureScrenshot -->
  <testcase name="@BeforeMethod logintoapp" time="-1.650018638734E9" classname="tests.Testcase001">
    <skipped/>
  </testcase> <!-- @BeforeMethod logintoapp -->
  <testcase name="@AfterMethod captureScrenshot" time="-1.650018638878E9" classname="tests.Testcase001">
    <skipped/>
  </testcase> <!-- @AfterMethod captureScrenshot -->
  <testcase name="@BeforeMethod logintoapp" time="-1.650018638884E9" classname="tests.Testcase001">
    <skipped/>
  </testcase> <!-- @BeforeMethod logintoapp -->
  <testcase name="@AfterMethod captureScrenshot" time="-1.650018638898E9" classname="tests.Testcase001">
    <skipped/>
  </testcase> <!-- @AfterMethod captureScrenshot -->
  <testcase name="@BeforeMethod logintoapp" time="-1.650018638902E9" classname="tests.Testcase001">
    <skipped/>
  </testcase> <!-- @BeforeMethod logintoapp -->
  <testcase name="@AfterMethod captureScrenshot" time="-1.650018638913E9" classname="tests.Testcase001">
    <skipped/>
  </testcase> <!-- @AfterMethod captureScrenshot -->
  <testcase name="@AfterClass closebroswer" time="-1.650018638916E9" classname="tests.Testcase001">
    <skipped/>
  </testcase> <!-- @AfterClass closebroswer -->
  <testcase name="verifydashboard" time="0.0" classname="tests.Testcase001">
    <skipped/>
  </testcase> <!-- verifydashboard -->
  <testcase name="verifyorders" time="0.0" classname="tests.Testcase001">
    <skipped/>
  </testcase> <!-- verifyorders -->
  <testcase name="verifyholdings" time="0.0" classname="tests.Testcase001">
    <skipped/>
  </testcase> <!-- verifyholdings -->
  <testcase name="verifyfunds" time="0.0" classname="tests.Testcase001">
    <skipped/>
  </testcase> <!-- verifyfunds -->
</testsuite> <!-- Test -->
